xrun: 22.09-s011: (c) Copyright 1995-2023 Cadence Design Systems, Inc.
TOOL:	xrun	22.09-s011: Started on Oct 04, 2024 at 16:36:31 EDT
xrun
	firtb.sv
	../rtl/fir.sv
	-access +rwc
	-top firtb
file: firtb.sv
	module worklib.firtb:sv
		errors: 0, warnings: 0
file: ../rtl/fir.sv
	module worklib.fir:sv
		errors: 0, warnings: 0
	Elaborating the design hierarchy:
		Caching library 'worklib' ....... Done
	Top level design units:
		firtb
xmelab: *W,DSEMEL: This SystemVerilog design will be simulated as per IEEE 1800-2009 SystemVerilog simulation semantics. Use -disable_sem2009 option for turning off SV 2009 simulation semantics.
	Building instance overlay tables: .................... Done
	Generating native compiled code:
		worklib.fir:sv <0x65ff5c45>
			streams:   5, words:  2659
		worklib.firtb:sv <0x296d0731>
			streams:   7, words:  5206
	Building instance specific data structures.
	Loading native compiled code:     .................... Done
	Design hierarchy summary:
		                 Instances  Unique
		Modules:                 2       2
		Registers:               7       7
		Scalar wires:            3       -
		Vectored wires:          2       -
		Always blocks:           2       2
		Initial blocks:          2       2
		Cont. assignments:       1       1
		Pseudo assignments:      4       4
		Simulation timescale:  1ps
	Writing initial simulation snapshot: worklib.firtb:sv
Loading snapshot worklib.firtb:sv .................... Done
xmsim: *W,DSEM2009: This SystemVerilog design is simulated as per IEEE 1800-2009 SystemVerilog simulation semantics. Use -disable_sem2009 option for turning off SV 2009 simulation semantics.
xcelium> source /opt/cadence/XCELIUM2209/tools/xcelium/files/xmsimrc
xcelium> run
X 00, Y 00
X 24, Y 00
X 81, Y 00
X 09, Y 00
X 63, Y 24
X 0d, Y 81
X 8d, Y 09
X 65, Y 63
X 12, Y 0d
X 01, Y 8d
X 0d, Y 65
X 76, Y 12
X 3d, Y 01
X ed, Y 0d
X 8c, Y 76
X f9, Y 3d
X c6, Y ed
X c5, Y 8c
X aa, Y f9
X e5, Y c6
Simulation complete via $finish(1) at time 610 NS + 0
./firtb.sv:54       $finish();
xcelium> exit
TOOL:	xrun	22.09-s011: Exiting on Oct 04, 2024 at 16:36:32 EDT  (total: 00:00:01)
